Using Spark's default log4j profile: org/apache/spark/log4j-defaults.properties
17/10/25 07:54:48 INFO SparkContext: Running Spark version 1.5.2
17/10/25 07:54:48 WARN NativeCodeLoader: Unable to load native-hadoop library for your platform... using builtin-java classes where applicable
17/10/25 07:54:49 INFO SecurityManager: Changing view acls to: mhalmakk
17/10/25 07:54:49 INFO SecurityManager: Changing modify acls to: mhalmakk
17/10/25 07:54:49 INFO SecurityManager: SecurityManager: authentication disabled; ui acls disabled; users with view permissions: Set(mhalmakk); users with modify permissions: Set(mhalmakk)
17/10/25 07:54:50 INFO Slf4jLogger: Slf4jLogger started
17/10/25 07:54:50 INFO Remoting: Starting remoting
17/10/25 07:54:50 INFO Remoting: Remoting started; listening on addresses :[akka.tcp://sparkDriver@198.202.112.146:34428]
17/10/25 07:54:50 INFO Utils: Successfully started service 'sparkDriver' on port 34428.
17/10/25 07:54:50 INFO SparkEnv: Registering MapOutputTracker
17/10/25 07:54:50 INFO SparkEnv: Registering BlockManagerMaster
17/10/25 07:54:50 INFO DiskBlockManager: Created local directory at /tmp/blockmgr-b1051acf-2ce2-4813-acce-06947e5dc6c9
17/10/25 07:54:50 INFO MemoryStore: MemoryStore started with capacity 530.0 MB
17/10/25 07:54:50 INFO HttpFileServer: HTTP File server directory is /tmp/spark-7243ccdc-f3e9-4b97-8f51-62af73f1ad57/httpd-84dd7c50-8faf-4962-bde9-c021f85cda6b
17/10/25 07:54:50 INFO HttpServer: Starting HTTP Server
17/10/25 07:54:50 INFO Utils: Successfully started service 'HTTP file server' on port 44889.
17/10/25 07:54:50 INFO SparkEnv: Registering OutputCommitCoordinator
17/10/25 07:54:50 INFO Utils: Successfully started service 'SparkUI' on port 4040.
17/10/25 07:54:50 INFO SparkUI: Started SparkUI at http://198.202.112.146:4040
17/10/25 07:54:50 INFO SparkContext: Added JAR file:/home/mhalmakk/project3/multiply.jar at http://198.202.112.146:44889/jars/multiply.jar with timestamp 1508943290877
17/10/25 07:54:51 WARN MetricsSystem: Using default name DAGScheduler for source because spark.app.id is not set.
17/10/25 07:54:51 INFO Executor: Starting executor ID driver on host localhost
17/10/25 07:54:51 INFO Utils: Successfully started service 'org.apache.spark.network.netty.NettyBlockTransferService' on port 38526.
17/10/25 07:54:51 INFO NettyBlockTransferService: Server created on 38526
17/10/25 07:54:51 INFO BlockManagerMaster: Trying to register BlockManager
17/10/25 07:54:51 INFO BlockManagerMasterEndpoint: Registering block manager localhost:38526 with 530.0 MB RAM, BlockManagerId(driver, localhost, 38526)
17/10/25 07:54:51 INFO BlockManagerMaster: Registered BlockManager
17/10/25 07:54:52 INFO MemoryStore: ensureFreeSpace(120040) called with curMem=0, maxMem=555755765
17/10/25 07:54:52 INFO MemoryStore: Block broadcast_0 stored as values in memory (estimated size 117.2 KB, free 529.9 MB)
17/10/25 07:54:52 INFO MemoryStore: ensureFreeSpace(12673) called with curMem=120040, maxMem=555755765
17/10/25 07:54:52 INFO MemoryStore: Block broadcast_0_piece0 stored as bytes in memory (estimated size 12.4 KB, free 529.9 MB)
17/10/25 07:54:52 INFO BlockManagerInfo: Added broadcast_0_piece0 in memory on localhost:38526 (size: 12.4 KB, free: 530.0 MB)
17/10/25 07:54:52 INFO SparkContext: Created broadcast 0 from textFile at Multiply.scala:13
17/10/25 07:54:52 INFO MemoryStore: ensureFreeSpace(120080) called with curMem=132713, maxMem=555755765
17/10/25 07:54:52 INFO MemoryStore: Block broadcast_1 stored as values in memory (estimated size 117.3 KB, free 529.8 MB)
17/10/25 07:54:52 INFO MemoryStore: ensureFreeSpace(12673) called with curMem=252793, maxMem=555755765
17/10/25 07:54:52 INFO MemoryStore: Block broadcast_1_piece0 stored as bytes in memory (estimated size 12.4 KB, free 529.8 MB)
17/10/25 07:54:52 INFO BlockManagerInfo: Added broadcast_1_piece0 in memory on localhost:38526 (size: 12.4 KB, free: 530.0 MB)
17/10/25 07:54:52 INFO SparkContext: Created broadcast 1 from textFile at Multiply.scala:18
17/10/25 07:54:52 INFO FileInputFormat: Total input paths to process : 1
17/10/25 07:54:52 INFO FileInputFormat: Total input paths to process : 1
17/10/25 07:54:52 INFO SparkContext: Starting job: sortByKey at Multiply.scala:25
17/10/25 07:54:52 INFO DAGScheduler: Registering RDD 9 (map at Multiply.scala:23)
17/10/25 07:54:52 INFO DAGScheduler: Registering RDD 8 (map at Multiply.scala:23)
17/10/25 07:54:52 INFO DAGScheduler: Registering RDD 13 (map at Multiply.scala:23)
17/10/25 07:54:52 INFO DAGScheduler: Got job 0 (sortByKey at Multiply.scala:25) with 2 output partitions
17/10/25 07:54:52 INFO DAGScheduler: Final stage: ResultStage 3(sortByKey at Multiply.scala:25)
17/10/25 07:54:52 INFO DAGScheduler: Parents of final stage: List(ShuffleMapStage 2)
17/10/25 07:54:52 INFO DAGScheduler: Missing parents: List(ShuffleMapStage 2)
17/10/25 07:54:52 INFO DAGScheduler: Submitting ShuffleMapStage 0 (MapPartitionsRDD[9] at map at Multiply.scala:23), which has no missing parents
17/10/25 07:54:53 INFO MemoryStore: ensureFreeSpace(3848) called with curMem=265466, maxMem=555755765
17/10/25 07:54:53 INFO MemoryStore: Block broadcast_2 stored as values in memory (estimated size 3.8 KB, free 529.8 MB)
17/10/25 07:54:53 INFO MemoryStore: ensureFreeSpace(2182) called with curMem=269314, maxMem=555755765
17/10/25 07:54:53 INFO MemoryStore: Block broadcast_2_piece0 stored as bytes in memory (estimated size 2.1 KB, free 529.8 MB)
17/10/25 07:54:53 INFO BlockManagerInfo: Added broadcast_2_piece0 in memory on localhost:38526 (size: 2.1 KB, free: 530.0 MB)
17/10/25 07:54:53 INFO SparkContext: Created broadcast 2 from broadcast at DAGScheduler.scala:861
17/10/25 07:54:53 INFO DAGScheduler: Submitting 2 missing tasks from ShuffleMapStage 0 (MapPartitionsRDD[9] at map at Multiply.scala:23)
17/10/25 07:54:53 INFO TaskSchedulerImpl: Adding task set 0.0 with 2 tasks
17/10/25 07:54:53 INFO DAGScheduler: Submitting ShuffleMapStage 1 (MapPartitionsRDD[8] at map at Multiply.scala:23), which has no missing parents
17/10/25 07:54:53 INFO MemoryStore: ensureFreeSpace(3848) called with curMem=271496, maxMem=555755765
17/10/25 07:54:53 INFO MemoryStore: Block broadcast_3 stored as values in memory (estimated size 3.8 KB, free 529.7 MB)
17/10/25 07:54:53 INFO MemoryStore: ensureFreeSpace(2184) called with curMem=275344, maxMem=555755765
17/10/25 07:54:53 INFO MemoryStore: Block broadcast_3_piece0 stored as bytes in memory (estimated size 2.1 KB, free 529.7 MB)
17/10/25 07:54:53 INFO BlockManagerInfo: Added broadcast_3_piece0 in memory on localhost:38526 (size: 2.1 KB, free: 530.0 MB)
17/10/25 07:54:53 INFO SparkContext: Created broadcast 3 from broadcast at DAGScheduler.scala:861
17/10/25 07:54:53 INFO DAGScheduler: Submitting 2 missing tasks from ShuffleMapStage 1 (MapPartitionsRDD[8] at map at Multiply.scala:23)
17/10/25 07:54:53 INFO TaskSchedulerImpl: Adding task set 1.0 with 2 tasks
17/10/25 07:54:53 INFO TaskSetManager: Starting task 0.0 in stage 0.0 (TID 0, localhost, PROCESS_LOCAL, 2201 bytes)
17/10/25 07:54:53 INFO TaskSetManager: Starting task 1.0 in stage 0.0 (TID 1, localhost, PROCESS_LOCAL, 2201 bytes)
17/10/25 07:54:53 INFO Executor: Running task 0.0 in stage 0.0 (TID 0)
17/10/25 07:54:53 INFO Executor: Fetching http://198.202.112.146:44889/jars/multiply.jar with timestamp 1508943290877
17/10/25 07:54:53 INFO Executor: Running task 1.0 in stage 0.0 (TID 1)
17/10/25 07:54:53 INFO Utils: Fetching http://198.202.112.146:44889/jars/multiply.jar to /tmp/spark-7243ccdc-f3e9-4b97-8f51-62af73f1ad57/userFiles-bbd2bc4f-ad08-4092-aa7f-65826b0ab208/fetchFileTemp8441020045378190049.tmp
17/10/25 07:54:53 INFO Executor: Adding file:/tmp/spark-7243ccdc-f3e9-4b97-8f51-62af73f1ad57/userFiles-bbd2bc4f-ad08-4092-aa7f-65826b0ab208/multiply.jar to class loader
17/10/25 07:54:53 INFO HadoopRDD: Input split: file:/home/mhalmakk/project3/N-matrix-small.txt:0+33
17/10/25 07:54:53 INFO HadoopRDD: Input split: file:/home/mhalmakk/project3/N-matrix-small.txt:33+34
17/10/25 07:54:53 INFO deprecation: mapred.tip.id is deprecated. Instead, use mapreduce.task.id
17/10/25 07:54:53 INFO deprecation: mapred.task.id is deprecated. Instead, use mapreduce.task.attempt.id
17/10/25 07:54:53 INFO deprecation: mapred.task.is.map is deprecated. Instead, use mapreduce.task.ismap
17/10/25 07:54:53 INFO deprecation: mapred.task.partition is deprecated. Instead, use mapreduce.task.partition
17/10/25 07:54:53 INFO deprecation: mapred.job.id is deprecated. Instead, use mapreduce.job.id
17/10/25 07:54:53 INFO Executor: Finished task 1.0 in stage 0.0 (TID 1). 2254 bytes result sent to driver
17/10/25 07:54:53 INFO TaskSetManager: Starting task 0.0 in stage 1.0 (TID 2, localhost, PROCESS_LOCAL, 2201 bytes)
17/10/25 07:54:53 INFO Executor: Running task 0.0 in stage 1.0 (TID 2)
17/10/25 07:54:53 INFO Executor: Finished task 0.0 in stage 0.0 (TID 0). 2254 bytes result sent to driver
17/10/25 07:54:53 INFO TaskSetManager: Starting task 1.0 in stage 1.0 (TID 3, localhost, PROCESS_LOCAL, 2201 bytes)
17/10/25 07:54:53 INFO Executor: Running task 1.0 in stage 1.0 (TID 3)
17/10/25 07:54:53 INFO HadoopRDD: Input split: file:/home/mhalmakk/project3/M-matrix-small.txt:46+46
17/10/25 07:54:53 INFO HadoopRDD: Input split: file:/home/mhalmakk/project3/M-matrix-small.txt:0+46
17/10/25 07:54:53 INFO Executor: Finished task 1.0 in stage 1.0 (TID 3). 2254 bytes result sent to driver
17/10/25 07:54:53 INFO Executor: Finished task 0.0 in stage 1.0 (TID 2). 2254 bytes result sent to driver
17/10/25 07:54:53 INFO TaskSetManager: Finished task 0.0 in stage 0.0 (TID 0) in 288 ms on localhost (1/2)
17/10/25 07:54:53 INFO TaskSetManager: Finished task 1.0 in stage 0.0 (TID 1) in 272 ms on localhost (2/2)
17/10/25 07:54:53 INFO DAGScheduler: ShuffleMapStage 0 (map at Multiply.scala:23) finished in 0.301 s
17/10/25 07:54:53 INFO DAGScheduler: looking for newly runnable stages
17/10/25 07:54:53 INFO DAGScheduler: running: Set(ShuffleMapStage 1)
17/10/25 07:54:53 INFO DAGScheduler: waiting: Set(ShuffleMapStage 2, ResultStage 3)
17/10/25 07:54:53 INFO DAGScheduler: failed: Set()
17/10/25 07:54:53 INFO DAGScheduler: Missing parents for ShuffleMapStage 2: List(ShuffleMapStage 1)
17/10/25 07:54:53 INFO DAGScheduler: Missing parents for ResultStage 3: List(ShuffleMapStage 2)
17/10/25 07:54:53 INFO TaskSchedulerImpl: Removed TaskSet 0.0, whose tasks have all completed, from pool 
17/10/25 07:54:53 INFO TaskSetManager: Finished task 1.0 in stage 1.0 (TID 3) in 65 ms on localhost (1/2)
17/10/25 07:54:53 INFO DAGScheduler: ShuffleMapStage 1 (map at Multiply.scala:23) finished in 0.292 s
17/10/25 07:54:53 INFO DAGScheduler: looking for newly runnable stages
17/10/25 07:54:53 INFO DAGScheduler: running: Set()
17/10/25 07:54:53 INFO DAGScheduler: waiting: Set(ShuffleMapStage 2, ResultStage 3)
17/10/25 07:54:53 INFO DAGScheduler: failed: Set()
17/10/25 07:54:53 INFO DAGScheduler: Missing parents for ShuffleMapStage 2: List()
17/10/25 07:54:53 INFO DAGScheduler: Missing parents for ResultStage 3: List(ShuffleMapStage 2)
17/10/25 07:54:53 INFO DAGScheduler: Submitting ShuffleMapStage 2 (MapPartitionsRDD[13] at map at Multiply.scala:23), which is now runnable
17/10/25 07:54:53 INFO TaskSetManager: Finished task 0.0 in stage 1.0 (TID 2) in 81 ms on localhost (2/2)
17/10/25 07:54:53 INFO TaskSchedulerImpl: Removed TaskSet 1.0, whose tasks have all completed, from pool 
17/10/25 07:54:53 INFO MemoryStore: ensureFreeSpace(3072) called with curMem=277528, maxMem=555755765
17/10/25 07:54:53 INFO MemoryStore: Block broadcast_4 stored as values in memory (estimated size 3.0 KB, free 529.7 MB)
17/10/25 07:54:53 INFO MemoryStore: ensureFreeSpace(1667) called with curMem=280600, maxMem=555755765
17/10/25 07:54:53 INFO MemoryStore: Block broadcast_4_piece0 stored as bytes in memory (estimated size 1667.0 B, free 529.7 MB)
17/10/25 07:54:53 INFO BlockManagerInfo: Added broadcast_4_piece0 in memory on localhost:38526 (size: 1667.0 B, free: 530.0 MB)
17/10/25 07:54:53 INFO SparkContext: Created broadcast 4 from broadcast at DAGScheduler.scala:861
17/10/25 07:54:53 INFO DAGScheduler: Submitting 2 missing tasks from ShuffleMapStage 2 (MapPartitionsRDD[13] at map at Multiply.scala:23)
17/10/25 07:54:53 INFO TaskSchedulerImpl: Adding task set 2.0 with 2 tasks
17/10/25 07:54:53 INFO TaskSetManager: Starting task 0.0 in stage 2.0 (TID 4, localhost, PROCESS_LOCAL, 2019 bytes)
17/10/25 07:54:53 INFO TaskSetManager: Starting task 1.0 in stage 2.0 (TID 5, localhost, PROCESS_LOCAL, 2019 bytes)
17/10/25 07:54:53 INFO Executor: Running task 1.0 in stage 2.0 (TID 5)
17/10/25 07:54:53 INFO Executor: Running task 0.0 in stage 2.0 (TID 4)
17/10/25 07:54:53 INFO ShuffleBlockFetcherIterator: Getting 2 non-empty blocks out of 2 blocks
17/10/25 07:54:53 INFO ShuffleBlockFetcherIterator: Started 0 remote fetches in 3 ms
17/10/25 07:54:53 INFO ShuffleBlockFetcherIterator: Getting 2 non-empty blocks out of 2 blocks
17/10/25 07:54:53 INFO ShuffleBlockFetcherIterator: Started 0 remote fetches in 1 ms
17/10/25 07:54:53 INFO ShuffleBlockFetcherIterator: Getting 2 non-empty blocks out of 2 blocks
17/10/25 07:54:53 INFO ShuffleBlockFetcherIterator: Started 0 remote fetches in 0 ms
17/10/25 07:54:53 INFO ShuffleBlockFetcherIterator: Getting 2 non-empty blocks out of 2 blocks
17/10/25 07:54:53 INFO ShuffleBlockFetcherIterator: Started 0 remote fetches in 6 ms
17/10/25 07:54:53 INFO Executor: Finished task 1.0 in stage 2.0 (TID 5). 1375 bytes result sent to driver
17/10/25 07:54:53 INFO Executor: Finished task 0.0 in stage 2.0 (TID 4). 1375 bytes result sent to driver
17/10/25 07:54:53 INFO TaskSetManager: Finished task 1.0 in stage 2.0 (TID 5) in 73 ms on localhost (1/2)
17/10/25 07:54:53 INFO TaskSetManager: Finished task 0.0 in stage 2.0 (TID 4) in 76 ms on localhost (2/2)
17/10/25 07:54:53 INFO TaskSchedulerImpl: Removed TaskSet 2.0, whose tasks have all completed, from pool 
17/10/25 07:54:53 INFO DAGScheduler: ShuffleMapStage 2 (map at Multiply.scala:23) finished in 0.078 s
17/10/25 07:54:53 INFO DAGScheduler: looking for newly runnable stages
17/10/25 07:54:53 INFO DAGScheduler: running: Set()
17/10/25 07:54:53 INFO DAGScheduler: waiting: Set(ResultStage 3)
17/10/25 07:54:53 INFO DAGScheduler: failed: Set()
17/10/25 07:54:53 INFO DAGScheduler: Missing parents for ResultStage 3: List()
17/10/25 07:54:53 INFO DAGScheduler: Submitting ResultStage 3 (MapPartitionsRDD[16] at sortByKey at Multiply.scala:25), which is now runnable
17/10/25 07:54:53 INFO MemoryStore: ensureFreeSpace(3080) called with curMem=282267, maxMem=555755765
17/10/25 07:54:53 INFO MemoryStore: Block broadcast_5 stored as values in memory (estimated size 3.0 KB, free 529.7 MB)
17/10/25 07:54:53 INFO MemoryStore: ensureFreeSpace(1779) called with curMem=285347, maxMem=555755765
17/10/25 07:54:53 INFO MemoryStore: Block broadcast_5_piece0 stored as bytes in memory (estimated size 1779.0 B, free 529.7 MB)
17/10/25 07:54:53 INFO BlockManagerInfo: Added broadcast_5_piece0 in memory on localhost:38526 (size: 1779.0 B, free: 530.0 MB)
17/10/25 07:54:53 INFO SparkContext: Created broadcast 5 from broadcast at DAGScheduler.scala:861
17/10/25 07:54:53 INFO DAGScheduler: Submitting 2 missing tasks from ResultStage 3 (MapPartitionsRDD[16] at sortByKey at Multiply.scala:25)
17/10/25 07:54:53 INFO TaskSchedulerImpl: Adding task set 3.0 with 2 tasks
17/10/25 07:54:53 INFO TaskSetManager: Starting task 0.0 in stage 3.0 (TID 6, localhost, PROCESS_LOCAL, 1957 bytes)
17/10/25 07:54:53 INFO TaskSetManager: Starting task 1.0 in stage 3.0 (TID 7, localhost, PROCESS_LOCAL, 1957 bytes)
17/10/25 07:54:53 INFO Executor: Running task 0.0 in stage 3.0 (TID 6)
17/10/25 07:54:53 INFO Executor: Running task 1.0 in stage 3.0 (TID 7)
17/10/25 07:54:53 INFO ShuffleBlockFetcherIterator: Getting 2 non-empty blocks out of 2 blocks
17/10/25 07:54:53 INFO ShuffleBlockFetcherIterator: Started 0 remote fetches in 0 ms
17/10/25 07:54:53 INFO Executor: Finished task 0.0 in stage 3.0 (TID 6). 1560 bytes result sent to driver
17/10/25 07:54:53 INFO ShuffleBlockFetcherIterator: Getting 2 non-empty blocks out of 2 blocks
17/10/25 07:54:53 INFO ShuffleBlockFetcherIterator: Started 0 remote fetches in 0 ms
17/10/25 07:54:53 INFO Executor: Finished task 1.0 in stage 3.0 (TID 7). 1560 bytes result sent to driver
17/10/25 07:54:53 INFO TaskSetManager: Finished task 0.0 in stage 3.0 (TID 6) in 15 ms on localhost (1/2)
17/10/25 07:54:53 INFO TaskSetManager: Finished task 1.0 in stage 3.0 (TID 7) in 13 ms on localhost (2/2)
17/10/25 07:54:53 INFO TaskSchedulerImpl: Removed TaskSet 3.0, whose tasks have all completed, from pool 
17/10/25 07:54:53 INFO DAGScheduler: ResultStage 3 (sortByKey at Multiply.scala:25) finished in 0.014 s
17/10/25 07:54:53 INFO DAGScheduler: Job 0 finished: sortByKey at Multiply.scala:25, took 0.554186 s
17/10/25 07:54:53 INFO SparkContext: Starting job: saveAsTextFile at Multiply.scala:27
17/10/25 07:54:53 INFO MapOutputTrackerMaster: Size of output statuses for shuffle 1 is 155 bytes
17/10/25 07:54:53 INFO MapOutputTrackerMaster: Size of output statuses for shuffle 0 is 155 bytes
17/10/25 07:54:53 INFO MapOutputTrackerMaster: Size of output statuses for shuffle 2 is 155 bytes
17/10/25 07:54:53 INFO DAGScheduler: Registering RDD 14 (reduceByKey at Multiply.scala:25)
17/10/25 07:54:53 INFO DAGScheduler: Registering RDD 19 (repartition at Multiply.scala:25)
17/10/25 07:54:53 INFO DAGScheduler: Got job 1 (saveAsTextFile at Multiply.scala:27) with 1 output partitions
17/10/25 07:54:53 INFO DAGScheduler: Final stage: ResultStage 9(saveAsTextFile at Multiply.scala:27)
17/10/25 07:54:53 INFO DAGScheduler: Parents of final stage: List(ShuffleMapStage 8)
17/10/25 07:54:53 INFO DAGScheduler: Missing parents: List(ShuffleMapStage 8)
17/10/25 07:54:53 INFO DAGScheduler: Submitting ShuffleMapStage 7 (ShuffledRDD[14] at reduceByKey at Multiply.scala:25), which has no missing parents
17/10/25 07:54:53 INFO MemoryStore: ensureFreeSpace(2736) called with curMem=287126, maxMem=555755765
17/10/25 07:54:53 INFO MemoryStore: Block broadcast_6 stored as values in memory (estimated size 2.7 KB, free 529.7 MB)
17/10/25 07:54:53 INFO MemoryStore: ensureFreeSpace(1664) called with curMem=289862, maxMem=555755765
17/10/25 07:54:53 INFO MemoryStore: Block broadcast_6_piece0 stored as bytes in memory (estimated size 1664.0 B, free 529.7 MB)
17/10/25 07:54:53 INFO BlockManagerInfo: Added broadcast_6_piece0 in memory on localhost:38526 (size: 1664.0 B, free: 530.0 MB)
17/10/25 07:54:53 INFO SparkContext: Created broadcast 6 from broadcast at DAGScheduler.scala:861
17/10/25 07:54:53 INFO DAGScheduler: Submitting 2 missing tasks from ShuffleMapStage 7 (ShuffledRDD[14] at reduceByKey at Multiply.scala:25)
17/10/25 07:54:53 INFO TaskSchedulerImpl: Adding task set 7.0 with 2 tasks
17/10/25 07:54:53 INFO TaskSetManager: Starting task 0.0 in stage 7.0 (TID 8, localhost, PROCESS_LOCAL, 1946 bytes)
17/10/25 07:54:53 INFO TaskSetManager: Starting task 1.0 in stage 7.0 (TID 9, localhost, PROCESS_LOCAL, 1946 bytes)
17/10/25 07:54:53 INFO Executor: Running task 1.0 in stage 7.0 (TID 9)
17/10/25 07:54:53 INFO Executor: Running task 0.0 in stage 7.0 (TID 8)
17/10/25 07:54:53 INFO ShuffleBlockFetcherIterator: Getting 2 non-empty blocks out of 2 blocks
17/10/25 07:54:53 INFO ShuffleBlockFetcherIterator: Started 0 remote fetches in 0 ms
17/10/25 07:54:53 INFO Executor: Finished task 0.0 in stage 7.0 (TID 8). 1375 bytes result sent to driver
17/10/25 07:54:53 INFO ShuffleBlockFetcherIterator: Getting 2 non-empty blocks out of 2 blocks
17/10/25 07:54:53 INFO ShuffleBlockFetcherIterator: Started 0 remote fetches in 3 ms
17/10/25 07:54:53 INFO TaskSetManager: Finished task 0.0 in stage 7.0 (TID 8) in 7 ms on localhost (1/2)
17/10/25 07:54:53 INFO Executor: Finished task 1.0 in stage 7.0 (TID 9). 1375 bytes result sent to driver
17/10/25 07:54:53 INFO TaskSetManager: Finished task 1.0 in stage 7.0 (TID 9) in 11 ms on localhost (2/2)
17/10/25 07:54:53 INFO TaskSchedulerImpl: Removed TaskSet 7.0, whose tasks have all completed, from pool 
17/10/25 07:54:53 INFO DAGScheduler: ShuffleMapStage 7 (reduceByKey at Multiply.scala:25) finished in 0.024 s
17/10/25 07:54:53 INFO DAGScheduler: looking for newly runnable stages
17/10/25 07:54:53 INFO DAGScheduler: running: Set()
17/10/25 07:54:53 INFO DAGScheduler: waiting: Set(ResultStage 9, ShuffleMapStage 8)
17/10/25 07:54:53 INFO DAGScheduler: failed: Set()
17/10/25 07:54:53 INFO DAGScheduler: Missing parents for ResultStage 9: List(ShuffleMapStage 8)
17/10/25 07:54:53 INFO DAGScheduler: Missing parents for ShuffleMapStage 8: List()
17/10/25 07:54:53 INFO DAGScheduler: Submitting ShuffleMapStage 8 (MapPartitionsRDD[19] at repartition at Multiply.scala:25), which is now runnable
17/10/25 07:54:53 INFO MemoryStore: ensureFreeSpace(3344) called with curMem=291526, maxMem=555755765
17/10/25 07:54:53 INFO MemoryStore: Block broadcast_7 stored as values in memory (estimated size 3.3 KB, free 529.7 MB)
17/10/25 07:54:53 INFO MemoryStore: ensureFreeSpace(1944) called with curMem=294870, maxMem=555755765
17/10/25 07:54:53 INFO MemoryStore: Block broadcast_7_piece0 stored as bytes in memory (estimated size 1944.0 B, free 529.7 MB)
17/10/25 07:54:53 INFO BlockManagerInfo: Added broadcast_7_piece0 in memory on localhost:38526 (size: 1944.0 B, free: 530.0 MB)
17/10/25 07:54:53 INFO SparkContext: Created broadcast 7 from broadcast at DAGScheduler.scala:861
17/10/25 07:54:53 INFO DAGScheduler: Submitting 2 missing tasks from ShuffleMapStage 8 (MapPartitionsRDD[19] at repartition at Multiply.scala:25)
17/10/25 07:54:53 INFO TaskSchedulerImpl: Adding task set 8.0 with 2 tasks
17/10/25 07:54:53 INFO TaskSetManager: Starting task 0.0 in stage 8.0 (TID 10, localhost, PROCESS_LOCAL, 1946 bytes)
17/10/25 07:54:53 INFO TaskSetManager: Starting task 1.0 in stage 8.0 (TID 11, localhost, PROCESS_LOCAL, 1946 bytes)
17/10/25 07:54:53 INFO Executor: Running task 0.0 in stage 8.0 (TID 10)
17/10/25 07:54:53 INFO ShuffleBlockFetcherIterator: Getting 2 non-empty blocks out of 2 blocks
17/10/25 07:54:53 INFO ShuffleBlockFetcherIterator: Started 0 remote fetches in 0 ms
17/10/25 07:54:53 INFO Executor: Running task 1.0 in stage 8.0 (TID 11)
17/10/25 07:54:53 INFO ShuffleBlockFetcherIterator: Getting 2 non-empty blocks out of 2 blocks
17/10/25 07:54:53 INFO ShuffleBlockFetcherIterator: Started 0 remote fetches in 0 ms
17/10/25 07:54:53 INFO Executor: Finished task 0.0 in stage 8.0 (TID 10). 1374 bytes result sent to driver
17/10/25 07:54:53 INFO Executor: Finished task 1.0 in stage 8.0 (TID 11). 1374 bytes result sent to driver
17/10/25 07:54:53 INFO TaskSetManager: Finished task 0.0 in stage 8.0 (TID 10) in 15 ms on localhost (1/2)
17/10/25 07:54:53 INFO TaskSetManager: Finished task 1.0 in stage 8.0 (TID 11) in 16 ms on localhost (2/2)
17/10/25 07:54:53 INFO TaskSchedulerImpl: Removed TaskSet 8.0, whose tasks have all completed, from pool 
17/10/25 07:54:53 INFO DAGScheduler: ShuffleMapStage 8 (repartition at Multiply.scala:25) finished in 0.005 s
17/10/25 07:54:53 INFO DAGScheduler: looking for newly runnable stages
17/10/25 07:54:53 INFO DAGScheduler: running: Set()
17/10/25 07:54:53 INFO DAGScheduler: waiting: Set(ResultStage 9)
17/10/25 07:54:53 INFO DAGScheduler: failed: Set()
17/10/25 07:54:53 INFO DAGScheduler: Missing parents for ResultStage 9: List()
17/10/25 07:54:53 INFO DAGScheduler: Submitting ResultStage 9 (MapPartitionsRDD[23] at saveAsTextFile at Multiply.scala:27), which is now runnable
17/10/25 07:54:53 INFO MemoryStore: ensureFreeSpace(113080) called with curMem=296814, maxMem=555755765
17/10/25 07:54:53 INFO MemoryStore: Block broadcast_8 stored as values in memory (estimated size 110.4 KB, free 529.6 MB)
17/10/25 07:54:53 INFO MemoryStore: ensureFreeSpace(38003) called with curMem=409894, maxMem=555755765
17/10/25 07:54:53 INFO MemoryStore: Block broadcast_8_piece0 stored as bytes in memory (estimated size 37.1 KB, free 529.6 MB)
17/10/25 07:54:53 INFO BlockManagerInfo: Added broadcast_8_piece0 in memory on localhost:38526 (size: 37.1 KB, free: 529.9 MB)
17/10/25 07:54:53 INFO SparkContext: Created broadcast 8 from broadcast at DAGScheduler.scala:861
17/10/25 07:54:53 INFO DAGScheduler: Submitting 1 missing tasks from ResultStage 9 (MapPartitionsRDD[23] at saveAsTextFile at Multiply.scala:27)
17/10/25 07:54:53 INFO TaskSchedulerImpl: Adding task set 9.0 with 1 tasks
17/10/25 07:54:53 INFO TaskSetManager: Starting task 0.0 in stage 9.0 (TID 12, localhost, PROCESS_LOCAL, 2226 bytes)
17/10/25 07:54:53 INFO Executor: Running task 0.0 in stage 9.0 (TID 12)
17/10/25 07:54:53 INFO ShuffleBlockFetcherIterator: Getting 2 non-empty blocks out of 2 blocks
17/10/25 07:54:53 INFO ShuffleBlockFetcherIterator: Started 0 remote fetches in 0 ms
17/10/25 07:54:53 INFO FileOutputCommitter: Saved output of task 'attempt_201710250754_0009_m_000000_12' to file:/home/mhalmakk/project3/output/_temporary/0/task_201710250754_0009_m_000000
17/10/25 07:54:53 INFO SparkHadoopMapRedUtil: attempt_201710250754_0009_m_000000_12: Committed
17/10/25 07:54:53 INFO Executor: Finished task 0.0 in stage 9.0 (TID 12). 1165 bytes result sent to driver
17/10/25 07:54:53 INFO TaskSetManager: Finished task 0.0 in stage 9.0 (TID 12) in 99 ms on localhost (1/1)
17/10/25 07:54:53 INFO DAGScheduler: ResultStage 9 (saveAsTextFile at Multiply.scala:27) finished in 0.094 s
17/10/25 07:54:53 INFO TaskSchedulerImpl: Removed TaskSet 9.0, whose tasks have all completed, from pool 
17/10/25 07:54:53 INFO DAGScheduler: Job 1 finished: saveAsTextFile at Multiply.scala:27, took 0.223508 s
17/10/25 07:54:54 INFO SparkUI: Stopped Spark web UI at http://198.202.112.146:4040
17/10/25 07:54:54 INFO DAGScheduler: Stopping DAGScheduler
17/10/25 07:54:54 INFO MapOutputTrackerMasterEndpoint: MapOutputTrackerMasterEndpoint stopped!
17/10/25 07:54:54 INFO MemoryStore: MemoryStore cleared
17/10/25 07:54:54 INFO BlockManager: BlockManager stopped
17/10/25 07:54:54 INFO BlockManagerMaster: BlockManagerMaster stopped
17/10/25 07:54:54 INFO SparkContext: Successfully stopped SparkContext
17/10/25 07:54:54 INFO OutputCommitCoordinator$OutputCommitCoordinatorEndpoint: OutputCommitCoordinator stopped!
17/10/25 07:54:54 INFO ShutdownHookManager: Shutdown hook called
17/10/25 07:54:54 INFO ShutdownHookManager: Deleting directory /tmp/spark-7243ccdc-f3e9-4b97-8f51-62af73f1ad57
