which: no hadoop in (/opt/gnu/gcc/bin:/opt/gnu/bin:/opt/mvapich2/intel/ib/bin:/opt/intel/composer_xe_2013_sp1.2.144/bin/intel64:/opt/intel/composer_xe_2013_sp1.2.144/mpirt/bin/intel64:/opt/intel/composer_xe_2013_sp1.2.144/debugger/gdb/intel64_mic/bin:/usr/lib64/qt-3.3/bin:/usr/local/bin:/bin:/usr/bin:/usr/local/sbin:/usr/sbin:/sbin:/opt/ibutils/bin:/usr/java/latest/bin:/opt/pdsh/bin:/opt/rocks/bin:/opt/rocks/sbin:/opt/sdsc/bin:/opt/sdsc/sbin:/home/mhalmakk/bin)
17/11/19 19:28:00 INFO pig.ExecTypeProvider: Trying ExecType : LOCAL
17/11/19 19:28:00 INFO pig.ExecTypeProvider: Picked LOCAL as the ExecType
2017-11-19 19:28:00,876 [main] INFO  org.apache.pig.Main - Apache Pig version 0.16.0 (r1746530) compiled Jun 01 2016, 23:09:59
2017-11-19 19:28:00,876 [main] INFO  org.apache.pig.Main - Logging error messages to: /home/mhalmakk/project5/pig_1511148480874.log
2017-11-19 19:28:01,094 [main] INFO  org.apache.pig.impl.util.Utils - Default bootup file /home/mhalmakk/.pigbootup not found
2017-11-19 19:28:01,343 [main] INFO  org.apache.pig.backend.hadoop.executionengine.HExecutionEngine - Connecting to hadoop file system at: file:///
2017-11-19 19:28:01,383 [main] INFO  org.apache.pig.PigServer - Pig Script ID for the session: 
2017-11-19 19:28:01,383 [main] WARN  org.apache.pig.PigServer - ATS is disabled since yarn.timeline-service.enabled set to false
2017-11-19 19:28:02,016 [main] WARN  org.apache.pig.newplan.BaseOperatorPlan - Encountered Warning IMPLICIT_CAST_TO_DOUBLE 2 time(s).
2017-11-19 19:28:02,057 [main] INFO  org.apache.pig.tools.pigstats.ScriptState - Pig features used in the script: HASH_JOIN,GROUP_BY
2017-11-19 19:28:02,103 [main] INFO  org.apache.pig.newplan.logical.optimizer.LogicalPlanOptimizer - {RULES_ENABLED=[AddForEach, ColumnMapKeyPrune, ConstantCalculator, GroupByConstParallelSetter, LimitOptimizer, LoadTypeCastInserter, MergeFilter, MergeForEach, PartitionFilterOptimizer, PredicatePushdownOptimizer, PushDownForEachFlatten, PushUpFilter, SplitFilter, StreamTypeCastInserter]}
2017-11-19 19:28:02,161 [main] INFO  org.apache.pig.impl.util.SpillableMemoryManager - Selected heap (PS Old Gen) of size 699400192 to monitor. collectionUsageThreshold = 489580128, usageThreshold = 489580128
2017-11-19 19:28:02,197 [main] INFO  org.apache.pig.backend.hadoop.executionengine.mapReduceLayer.MRCompiler - File concatenation threshold: 100 optimistic? false
2017-11-19 19:28:02,207 [main] WARN  org.apache.hadoop.util.NativeCodeLoader - Unable to load native-hadoop library for your platform... using builtin-java classes where applicable
2017-11-19 19:28:02,216 [main] INFO  org.apache.pig.backend.hadoop.executionengine.util.CombinerOptimizerUtil - Choosing to move algebraic foreach to combiner
2017-11-19 19:28:02,228 [main] INFO  org.apache.pig.backend.hadoop.executionengine.mapReduceLayer.MRCompiler$LastInputStreamingOptimizer - Rewrite: POPackage->POForEach to POPackage(JoinPackager)
2017-11-19 19:28:02,233 [main] INFO  org.apache.pig.backend.hadoop.executionengine.mapReduceLayer.MultiQueryOptimizer - MR plan size before optimization: 2
2017-11-19 19:28:02,233 [main] INFO  org.apache.pig.backend.hadoop.executionengine.mapReduceLayer.MultiQueryOptimizer - MR plan size after optimization: 2
2017-11-19 19:28:02,338 [main] INFO  org.apache.pig.tools.pigstats.mapreduce.MRScriptState - Pig script settings are added to the job
2017-11-19 19:28:02,345 [main] INFO  org.apache.pig.backend.hadoop.executionengine.mapReduceLayer.JobControlCompiler - mapred.job.reduce.markreset.buffer.percent is not set, set to default 0.3
2017-11-19 19:28:02,346 [main] INFO  org.apache.pig.backend.hadoop.executionengine.mapReduceLayer.JobControlCompiler - Reduce phase detected, estimating # of required reducers.
2017-11-19 19:28:02,346 [main] INFO  org.apache.pig.backend.hadoop.executionengine.mapReduceLayer.JobControlCompiler - Using reducer estimator: org.apache.pig.backend.hadoop.executionengine.mapReduceLayer.InputSizeReducerEstimator
2017-11-19 19:28:02,354 [main] INFO  org.apache.pig.backend.hadoop.executionengine.mapReduceLayer.InputSizeReducerEstimator - BytesPerReducer=1000000000 maxReducers=999 totalInputFileSize=159
2017-11-19 19:28:02,354 [main] INFO  org.apache.pig.backend.hadoop.executionengine.mapReduceLayer.JobControlCompiler - Setting Parallelism to 1
2017-11-19 19:28:02,364 [main] INFO  org.apache.pig.backend.hadoop.executionengine.mapReduceLayer.JobControlCompiler - Setting up single store job
2017-11-19 19:28:02,368 [main] INFO  org.apache.pig.data.SchemaTupleFrontend - Key [pig.schematuple] is false, will not generate code.
2017-11-19 19:28:02,368 [main] INFO  org.apache.pig.data.SchemaTupleFrontend - Starting process to move generated code to distributed cacche
2017-11-19 19:28:02,368 [main] INFO  org.apache.pig.data.SchemaTupleFrontend - Distributed cache not supported or needed in local mode. Setting key [pig.schematuple.local.dir] with code temp directory: /tmp/1511148482368-0
2017-11-19 19:28:02,491 [main] INFO  org.apache.pig.backend.hadoop.executionengine.mapReduceLayer.MapReduceLauncher - 1 map-reduce job(s) waiting for submission.
2017-11-19 19:28:02,509 [JobControl] WARN  org.apache.hadoop.mapred.JobClient - No job jar file set.  User classes may not be found. See JobConf(Class) or JobConf#setJar(String).
2017-11-19 19:28:02,528 [JobControl] INFO  org.apache.pig.builtin.PigStorage - Using PigTextInputFormat
2017-11-19 19:28:02,532 [JobControl] INFO  org.apache.hadoop.mapreduce.lib.input.FileInputFormat - Total input paths to process : 1
2017-11-19 19:28:02,532 [JobControl] INFO  org.apache.pig.backend.hadoop.executionengine.util.MapRedUtil - Total input paths to process : 1
2017-11-19 19:28:02,538 [JobControl] WARN  org.apache.hadoop.io.compress.snappy.LoadSnappy - Snappy native library is available
2017-11-19 19:28:02,538 [JobControl] WARN  org.apache.hadoop.io.compress.snappy.LoadSnappy - Snappy native library not loaded
2017-11-19 19:28:02,540 [JobControl] INFO  org.apache.pig.backend.hadoop.executionengine.util.MapRedUtil - Total input paths (combined) to process : 1
2017-11-19 19:28:02,542 [JobControl] INFO  org.apache.pig.builtin.PigStorage - Using PigTextInputFormat
2017-11-19 19:28:02,544 [JobControl] INFO  org.apache.hadoop.mapreduce.lib.input.FileInputFormat - Total input paths to process : 1
2017-11-19 19:28:02,544 [JobControl] INFO  org.apache.pig.backend.hadoop.executionengine.util.MapRedUtil - Total input paths to process : 1
2017-11-19 19:28:02,544 [JobControl] INFO  org.apache.pig.backend.hadoop.executionengine.util.MapRedUtil - Total input paths (combined) to process : 1
2017-11-19 19:28:02,969 [Thread-3] INFO  org.apache.hadoop.util.ProcessTree - setsid exited with exit code 0
2017-11-19 19:28:02,974 [Thread-3] INFO  org.apache.hadoop.mapred.Task -  Using ResourceCalculatorPlugin : org.apache.hadoop.util.LinuxResourceCalculatorPlugin@5272bcde
2017-11-19 19:28:02,992 [main] INFO  org.apache.pig.backend.hadoop.executionengine.mapReduceLayer.MapReduceLauncher - HadoopJobId: job_local_0001
2017-11-19 19:28:02,992 [main] INFO  org.apache.pig.backend.hadoop.executionengine.mapReduceLayer.MapReduceLauncher - Processing aliases A,B,C,D
2017-11-19 19:28:02,992 [main] INFO  org.apache.pig.backend.hadoop.executionengine.mapReduceLayer.MapReduceLauncher - detailed locations: M: B[2,4],B[-1,-1],C[3,4],A[1,4],A[-1,-1],C[3,4] C:  R: D[4,4]
2017-11-19 19:28:02,994 [main] INFO  org.apache.pig.backend.hadoop.executionengine.mapReduceLayer.MapReduceLauncher - 0% complete
2017-11-19 19:28:02,994 [main] INFO  org.apache.pig.backend.hadoop.executionengine.mapReduceLayer.MapReduceLauncher - Running jobs are [job_local_0001]
2017-11-19 19:28:03,000 [Thread-3] INFO  org.apache.pig.builtin.PigStorage - Using PigTextInputFormat
2017-11-19 19:28:03,002 [Thread-3] INFO  org.apache.pig.backend.hadoop.executionengine.mapReduceLayer.PigRecordReader - Current split being processed file:/home/mhalmakk/project5/M-matrix-small.txt:0+92
2017-11-19 19:28:03,009 [Thread-3] INFO  org.apache.hadoop.mapred.MapTask - io.sort.mb = 100
2017-11-19 19:28:03,034 [Thread-3] INFO  org.apache.hadoop.mapred.MapTask - data buffer = 79691776/99614720
2017-11-19 19:28:03,034 [Thread-3] INFO  org.apache.hadoop.mapred.MapTask - record buffer = 262144/327680
2017-11-19 19:28:03,042 [Thread-3] INFO  org.apache.pig.impl.util.SpillableMemoryManager - Selected heap (PS Old Gen) of size 699400192 to monitor. collectionUsageThreshold = 489580128, usageThreshold = 489580128
2017-11-19 19:28:03,043 [Thread-3] INFO  org.apache.pig.data.SchemaTupleBackend - Key [pig.schematuple] was not set... will not generate code.
2017-11-19 19:28:03,050 [Thread-3] INFO  org.apache.pig.backend.hadoop.executionengine.mapReduceLayer.PigGenericMapReduce$Map - Aliases being processed per job phase (AliasName[line,offset]): M: B[2,4],B[-1,-1],C[3,4],A[1,4],A[-1,-1],C[3,4] C:  R: D[4,4]
2017-11-19 19:28:03,082 [Thread-3] INFO  org.apache.hadoop.mapred.MapTask - Starting flush of map output
2017-11-19 19:28:03,099 [Thread-3] INFO  org.apache.hadoop.mapred.MapTask - Finished spill 0
2017-11-19 19:28:03,102 [Thread-3] INFO  org.apache.hadoop.mapred.Task - Task:attempt_local_0001_m_000000_0 is done. And is in the process of commiting
2017-11-19 19:28:05,836 [Thread-3] INFO  org.apache.hadoop.mapred.LocalJobRunner - 
2017-11-19 19:28:05,837 [Thread-3] INFO  org.apache.hadoop.mapred.Task - Task 'attempt_local_0001_m_000000_0' done.
2017-11-19 19:28:05,840 [Thread-3] INFO  org.apache.hadoop.mapred.Task -  Using ResourceCalculatorPlugin : org.apache.hadoop.util.LinuxResourceCalculatorPlugin@71cfd5d4
2017-11-19 19:28:05,842 [Thread-3] INFO  org.apache.pig.builtin.PigStorage - Using PigTextInputFormat
2017-11-19 19:28:05,842 [Thread-3] INFO  org.apache.pig.backend.hadoop.executionengine.mapReduceLayer.PigRecordReader - Current split being processed file:/home/mhalmakk/project5/N-matrix-small.txt:0+67
2017-11-19 19:28:05,842 [Thread-3] INFO  org.apache.hadoop.mapred.MapTask - io.sort.mb = 100
2017-11-19 19:28:05,994 [Thread-3] INFO  org.apache.hadoop.mapred.MapTask - data buffer = 79691776/99614720
2017-11-19 19:28:05,994 [Thread-3] INFO  org.apache.hadoop.mapred.MapTask - record buffer = 262144/327680
2017-11-19 19:28:05,997 [main] INFO  org.apache.pig.backend.hadoop.executionengine.mapReduceLayer.MapReduceLauncher - 25% complete
2017-11-19 19:28:05,997 [main] INFO  org.apache.pig.backend.hadoop.executionengine.mapReduceLayer.MapReduceLauncher - Running jobs are [job_local_0001]
2017-11-19 19:28:05,998 [Thread-3] INFO  org.apache.pig.impl.util.SpillableMemoryManager - Selected heap (PS Old Gen) of size 699400192 to monitor. collectionUsageThreshold = 489580128, usageThreshold = 489580128
2017-11-19 19:28:05,998 [Thread-3] WARN  org.apache.pig.data.SchemaTupleBackend - SchemaTupleBackend has already been initialized
2017-11-19 19:28:06,001 [Thread-3] INFO  org.apache.pig.backend.hadoop.executionengine.mapReduceLayer.PigGenericMapReduce$Map - Aliases being processed per job phase (AliasName[line,offset]): M: B[2,4],B[-1,-1],C[3,4],A[1,4],A[-1,-1],C[3,4] C:  R: D[4,4]
2017-11-19 19:28:06,023 [Thread-3] INFO  org.apache.hadoop.mapred.MapTask - Starting flush of map output
2017-11-19 19:28:06,024 [Thread-3] INFO  org.apache.hadoop.mapred.MapTask - Finished spill 0
2017-11-19 19:28:06,025 [Thread-3] INFO  org.apache.hadoop.mapred.Task - Task:attempt_local_0001_m_000001_0 is done. And is in the process of commiting
2017-11-19 19:28:08,968 [Thread-3] INFO  org.apache.hadoop.mapred.LocalJobRunner - 
2017-11-19 19:28:08,971 [Thread-3] INFO  org.apache.hadoop.mapred.Task - Task 'attempt_local_0001_m_000001_0' done.
2017-11-19 19:28:09,014 [Thread-3] INFO  org.apache.hadoop.mapred.Task -  Using ResourceCalculatorPlugin : org.apache.hadoop.util.LinuxResourceCalculatorPlugin@35236d64
2017-11-19 19:28:09,014 [Thread-3] INFO  org.apache.hadoop.mapred.LocalJobRunner - 
2017-11-19 19:28:09,019 [Thread-3] INFO  org.apache.hadoop.mapred.Merger - Merging 2 sorted segments
2017-11-19 19:28:09,022 [Thread-3] INFO  org.apache.hadoop.mapred.Merger - Down to the last merge-pass, with 2 segments left of total size: 372 bytes
2017-11-19 19:28:09,022 [Thread-3] INFO  org.apache.hadoop.mapred.LocalJobRunner - 
2017-11-19 19:28:09,029 [Thread-3] INFO  org.apache.pig.impl.util.SpillableMemoryManager - Selected heap (PS Old Gen) of size 699400192 to monitor. collectionUsageThreshold = 489580128, usageThreshold = 489580128
2017-11-19 19:28:09,029 [Thread-3] WARN  org.apache.pig.data.SchemaTupleBackend - SchemaTupleBackend has already been initialized
2017-11-19 19:28:09,054 [Thread-3] INFO  org.apache.pig.backend.hadoop.executionengine.mapReduceLayer.PigMapReduce$Reduce - Aliases being processed per job phase (AliasName[line,offset]): M: B[2,4],B[-1,-1],C[3,4],A[1,4],A[-1,-1],C[3,4] C:  R: D[4,4]
2017-11-19 19:28:09,061 [Thread-3] INFO  org.apache.hadoop.mapred.Task - Task:attempt_local_0001_r_000000_0 is done. And is in the process of commiting
2017-11-19 19:28:09,062 [Thread-3] INFO  org.apache.hadoop.mapred.LocalJobRunner - 
2017-11-19 19:28:09,062 [Thread-3] INFO  org.apache.hadoop.mapred.Task - Task attempt_local_0001_r_000000_0 is allowed to commit now
2017-11-19 19:28:09,063 [Thread-3] INFO  org.apache.hadoop.mapreduce.lib.output.FileOutputCommitter - Saved output of task 'attempt_local_0001_r_000000_0' to file:/tmp/temp2064071697/tmp-1453754170
2017-11-19 19:28:12,022 [Thread-3] INFO  org.apache.hadoop.mapred.LocalJobRunner - reduce > reduce
2017-11-19 19:28:12,023 [Thread-3] INFO  org.apache.hadoop.mapred.Task - Task 'attempt_local_0001_r_000000_0' done.
2017-11-19 19:28:12,514 [main] INFO  org.apache.pig.backend.hadoop.executionengine.mapReduceLayer.MapReduceLauncher - 50% complete
2017-11-19 19:28:12,523 [main] INFO  org.apache.pig.tools.pigstats.mapreduce.MRScriptState - Pig script settings are added to the job
2017-11-19 19:28:12,523 [main] INFO  org.apache.pig.backend.hadoop.executionengine.mapReduceLayer.JobControlCompiler - mapred.job.reduce.markreset.buffer.percent is not set, set to default 0.3
2017-11-19 19:28:12,523 [main] INFO  org.apache.pig.backend.hadoop.executionengine.mapReduceLayer.JobControlCompiler - Reduce phase detected, estimating # of required reducers.
2017-11-19 19:28:12,523 [main] INFO  org.apache.pig.backend.hadoop.executionengine.mapReduceLayer.JobControlCompiler - Using reducer estimator: org.apache.pig.backend.hadoop.executionengine.mapReduceLayer.InputSizeReducerEstimator
2017-11-19 19:28:12,524 [main] INFO  org.apache.pig.backend.hadoop.executionengine.mapReduceLayer.InputSizeReducerEstimator - BytesPerReducer=1000000000 maxReducers=999 totalInputFileSize=551
2017-11-19 19:28:12,524 [main] INFO  org.apache.pig.backend.hadoop.executionengine.mapReduceLayer.JobControlCompiler - Setting Parallelism to 1
2017-11-19 19:28:12,527 [main] INFO  org.apache.pig.backend.hadoop.executionengine.mapReduceLayer.JobControlCompiler - Setting up single store job
2017-11-19 19:28:12,561 [main] INFO  org.apache.pig.backend.hadoop.executionengine.mapReduceLayer.MapReduceLauncher - 1 map-reduce job(s) waiting for submission.
2017-11-19 19:28:12,568 [JobControl] WARN  org.apache.hadoop.mapred.JobClient - No job jar file set.  User classes may not be found. See JobConf(Class) or JobConf#setJar(String).
2017-11-19 19:28:12,595 [JobControl] INFO  org.apache.hadoop.mapreduce.lib.input.FileInputFormat - Total input paths to process : 1
2017-11-19 19:28:12,595 [JobControl] INFO  org.apache.pig.backend.hadoop.executionengine.util.MapRedUtil - Total input paths to process : 1
2017-11-19 19:28:12,595 [JobControl] INFO  org.apache.pig.backend.hadoop.executionengine.util.MapRedUtil - Total input paths (combined) to process : 1
2017-11-19 19:28:12,672 [Thread-10] INFO  org.apache.hadoop.mapred.Task -  Using ResourceCalculatorPlugin : org.apache.hadoop.util.LinuxResourceCalculatorPlugin@4f7e7258
2017-11-19 19:28:12,693 [Thread-10] INFO  org.apache.pig.backend.hadoop.executionengine.mapReduceLayer.PigRecordReader - Current split being processed file:/tmp/temp2064071697/tmp-1453754170/part-r-00000:0+551
2017-11-19 19:28:12,693 [Thread-10] INFO  org.apache.hadoop.mapred.MapTask - io.sort.mb = 100
2017-11-19 19:28:12,708 [Thread-10] INFO  org.apache.hadoop.mapred.MapTask - data buffer = 79691776/99614720
2017-11-19 19:28:12,708 [Thread-10] INFO  org.apache.hadoop.mapred.MapTask - record buffer = 262144/327680
2017-11-19 19:28:12,732 [Thread-10] INFO  org.apache.pig.impl.util.SpillableMemoryManager - Selected heap (PS Old Gen) of size 699400192 to monitor. collectionUsageThreshold = 489580128, usageThreshold = 489580128
2017-11-19 19:28:12,734 [Thread-10] WARN  org.apache.pig.data.SchemaTupleBackend - SchemaTupleBackend has already been initialized
2017-11-19 19:28:12,746 [Thread-10] INFO  org.apache.pig.backend.hadoop.executionengine.mapReduceLayer.PigGenericMapReduce$Map - Aliases being processed per job phase (AliasName[line,offset]): M: F[6,4],E[5,4] C: F[6,4],E[5,4] R: F[6,4]
2017-11-19 19:28:12,768 [Thread-10] INFO  org.apache.hadoop.mapred.MapTask - Starting flush of map output
2017-11-19 19:28:12,785 [Thread-10] INFO  org.apache.pig.backend.hadoop.executionengine.mapReduceLayer.PigCombiner$Combine - Aliases being processed per job phase (AliasName[line,offset]): M: F[6,4],E[5,4] C: F[6,4],E[5,4] R: F[6,4]
2017-11-19 19:28:12,793 [Thread-10] INFO  org.apache.hadoop.mapred.MapTask - Finished spill 0
2017-11-19 19:28:12,794 [Thread-10] INFO  org.apache.hadoop.mapred.Task - Task:attempt_local_0002_m_000000_0 is done. And is in the process of commiting
2017-11-19 19:28:13,067 [main] INFO  org.apache.pig.backend.hadoop.executionengine.mapReduceLayer.MapReduceLauncher - HadoopJobId: job_local_0002
2017-11-19 19:28:13,067 [main] INFO  org.apache.pig.backend.hadoop.executionengine.mapReduceLayer.MapReduceLauncher - Processing aliases E,F
2017-11-19 19:28:13,067 [main] INFO  org.apache.pig.backend.hadoop.executionengine.mapReduceLayer.MapReduceLauncher - detailed locations: M: F[6,4],E[5,4] C: F[6,4],E[5,4] R: F[6,4]
2017-11-19 19:28:15,699 [Thread-10] INFO  org.apache.hadoop.mapred.LocalJobRunner - 
2017-11-19 19:28:15,699 [Thread-10] INFO  org.apache.hadoop.mapred.Task - Task 'attempt_local_0002_m_000000_0' done.
2017-11-19 19:28:15,704 [Thread-10] INFO  org.apache.hadoop.mapred.Task -  Using ResourceCalculatorPlugin : org.apache.hadoop.util.LinuxResourceCalculatorPlugin@83dd269
2017-11-19 19:28:15,704 [Thread-10] INFO  org.apache.hadoop.mapred.LocalJobRunner - 
2017-11-19 19:28:15,705 [Thread-10] INFO  org.apache.hadoop.mapred.Merger - Merging 1 sorted segments
2017-11-19 19:28:15,711 [Thread-10] INFO  org.apache.hadoop.mapred.Merger - Down to the last merge-pass, with 1 segments left of total size: 290 bytes
2017-11-19 19:28:15,711 [Thread-10] INFO  org.apache.hadoop.mapred.LocalJobRunner - 
2017-11-19 19:28:15,732 [Thread-10] INFO  org.apache.pig.impl.util.SpillableMemoryManager - Selected heap (PS Old Gen) of size 699400192 to monitor. collectionUsageThreshold = 489580128, usageThreshold = 489580128
2017-11-19 19:28:15,732 [Thread-10] WARN  org.apache.pig.data.SchemaTupleBackend - SchemaTupleBackend has already been initialized
2017-11-19 19:28:15,734 [Thread-10] INFO  org.apache.pig.backend.hadoop.executionengine.mapReduceLayer.PigMapReduce$Reduce - Aliases being processed per job phase (AliasName[line,offset]): M: F[6,4],E[5,4] C: F[6,4],E[5,4] R: F[6,4]
2017-11-19 19:28:15,743 [Thread-10] INFO  org.apache.hadoop.mapred.Task - Task:attempt_local_0002_r_000000_0 is done. And is in the process of commiting
2017-11-19 19:28:15,745 [Thread-10] INFO  org.apache.hadoop.mapred.LocalJobRunner - 
2017-11-19 19:28:15,745 [Thread-10] INFO  org.apache.hadoop.mapred.Task - Task attempt_local_0002_r_000000_0 is allowed to commit now
2017-11-19 19:28:15,750 [Thread-10] INFO  org.apache.hadoop.mapreduce.lib.output.FileOutputCommitter - Saved output of task 'attempt_local_0002_r_000000_0' to file:/home/mhalmakk/project5/output
2017-11-19 19:28:16,069 [main] INFO  org.apache.pig.backend.hadoop.executionengine.mapReduceLayer.MapReduceLauncher - 75% complete
2017-11-19 19:28:16,069 [main] INFO  org.apache.pig.backend.hadoop.executionengine.mapReduceLayer.MapReduceLauncher - Running jobs are [job_local_0002]
2017-11-19 19:28:18,726 [Thread-10] INFO  org.apache.hadoop.mapred.LocalJobRunner - reduce > reduce
2017-11-19 19:28:18,728 [Thread-10] INFO  org.apache.hadoop.mapred.Task - Task 'attempt_local_0002_r_000000_0' done.
2017-11-19 19:28:19,073 [main] INFO  org.apache.pig.backend.hadoop.executionengine.mapReduceLayer.MapReduceLauncher - 100% complete
2017-11-19 19:28:19,075 [main] INFO  org.apache.pig.tools.pigstats.mapreduce.SimplePigStats - Script Statistics: 

HadoopVersion	PigVersion	UserId	StartedAt	FinishedAt	Features
1.0.4	0.16.0	mhalmakk	2017-11-19 19:28:02	2017-11-19 19:28:19	HASH_JOIN,GROUP_BY

Success!

Job Stats (time in seconds):
JobId	Maps	Reduces	MaxMapTime	MinMapTime	AvgMapTime	MedianMapTime	MaxReduceTime	MinReduceTime	AvgReduceTime	MedianReducetime	Alias	Feature	Outputs
job_local_0001	1	1	n/a	n/a	n/a	n/a	n/a	n/a	n/a	n/a	A,B,C,D	HASH_JOIN	
job_local_0002	1	1	n/a	n/a	n/a	n/a	n/a	n/a	n/a	n/a	E,F	GROUP_BY,COMBINER	file:///home/mhalmakk/project5/output,

Input(s):
Successfully read 11 records from: "file:///home/mhalmakk/project5/M-matrix-small.txt"
Successfully read 8 records from: "file:///home/mhalmakk/project5/N-matrix-small.txt"

Output(s):
Successfully stored 12 records in: "file:///home/mhalmakk/project5/output"

Counters:
Total records written : 12
Total bytes written : 0
Spillable Memory Manager spill count : 0
Total bags proactively spilled: 0
Total records proactively spilled: 0

Job DAG:
job_local_0001	->	job_local_0002,
job_local_0002


2017-11-19 19:28:19,076 [main] INFO  org.apache.pig.backend.hadoop.executionengine.mapReduceLayer.MapReduceLauncher - Success!
2017-11-19 19:28:19,093 [main] INFO  org.apache.pig.Main - Pig script completed in 18 seconds and 522 milliseconds (18522 ms)
